#
# There is insufficient memory for the Java Runtime Environment to continue.
# Native memory allocation (malloc) failed to allocate 1104176 bytes for Chunk::new
# Possible reasons:
#   The system is out of physical RAM or swap space
#   The process is running with CompressedOops enabled, and the Java Heap may be blocking the growth of the native heap
# Possible solutions:
#   Reduce memory load on the system
#   Increase physical memory or swap space
#   Check if swap backing store is full
#   Decrease Java heap size (-Xmx/-Xms)
#   Decrease number of Java threads
#   Decrease Java thread stack sizes (-Xss)
#   Set larger code cache with -XX:ReservedCodeCacheSize=
#   JVM is running with Unscaled Compressed Oops mode in which the Java heap is
#     placed in the first 4GB address space. The Java Heap base address is the
#     maximum limit for the native heap growth. Please use -XX:HeapBaseMinAddress
#     to set the Java Heap base and to place the Java Heap above 4GB virtual address.
# This output file may be truncated or incomplete.
#
#  Out of Memory Error (allocation.cpp:389), pid=29244, tid=0x000000000000ac4c
#
# JRE version: OpenJDK Runtime Environment (8.0_202-b03) (build 1.8.0_202-release-1483-b03)
# Java VM: OpenJDK 64-Bit Server VM (25.202-b03 mixed mode windows-amd64 compressed oops)
# Failed to write core dump. Minidumps are not enabled by default on client versions of Windows
#

---------------  T H R E A D  ---------------

Current thread (0x000000001604a000):  JavaThread "C2 CompilerThread0" daemon [_thread_in_native, id=44108, stack(0x0000000016920000,0x0000000016a20000)]

Stack: [0x0000000016920000,0x0000000016a20000]
[error occurred during error reporting (printing stack bounds), id 0xc0000005]

Native frames: (J=compiled Java code, j=interpreted, Vv=VM code, C=native code)


Current CompileTask:
C2: 326413 28087 %     4       com.android.tools.r8.ir.regalloc.LinearScanRegisterAllocator::a @ 1334 (3743 bytes)


---------------  P R O C E S S  ---------------

Java Threads: ( => current thread )
  0x000000001cc7e800 JavaThread "stdout" [_thread_in_native, id=44620, stack(0x000000003ca50000,0x000000003cb50000)]
  0x000000001cc7d000 JavaThread "stderr" [_thread_in_native, id=17580, stack(0x000000003c950000,0x000000003ca50000)]
  0x000000001cc7b800 JavaThread "pool-11-thread-1" [_thread_blocked, id=28740, stack(0x000000003c850000,0x000000003c950000)]
  0x000000001cc81800 JavaThread "WorkerExecutor Queue Thread 2" [_thread_blocked, id=9520, stack(0x000000003c750000,0x000000003c850000)]
  0x000000001cc7f000 JavaThread "WorkerExecutor Queue" [_thread_blocked, id=53040, stack(0x000000003c650000,0x000000003c750000)]
  0x000000001cc80000 JavaThread "Cache worker for execution history cache (C:\Users\capar\OneDrive\Desktop\MvvmArchitectureGuide\.gradle\5.4.1\executionHistory)" [_thread_blocked, id=46160, stack(0x000000003c550000,0x000000003c650000)]
  0x000000001cc80800 JavaThread "Execution worker for ':' Thread 7" [_thread_blocked, id=43196, stack(0x000000003c450000,0x000000003c550000)]
  0x000000001cc73000 JavaThread "Execution worker for ':' Thread 6" [_thread_in_native, id=49108, stack(0x000000003c350000,0x000000003c450000)]
  0x000000001cc74000 JavaThread "Execution worker for ':' Thread 5" [_thread_in_native, id=53876, stack(0x000000003c250000,0x000000003c350000)]
  0x000000001cc7a000 JavaThread "Execution worker for ':' Thread 4" [_thread_in_Java, id=42980, stack(0x000000003c150000,0x000000003c250000)]
  0x000000001cc79000 JavaThread "Execution worker for ':' Thread 3" [_thread_in_Java, id=51152, stack(0x000000003c050000,0x000000003c150000)]
  0x000000001cc77000 JavaThread "Execution worker for ':' Thread 2" [_thread_in_native, id=27096, stack(0x000000003bf50000,0x000000003c050000)]
  0x000000001cc74800 JavaThread "Execution worker for ':'" [_thread_blocked, id=53700, stack(0x000000003be50000,0x000000003bf50000)]
  0x000000001cc78800 JavaThread "Cache worker for file content cache (C:\Users\capar\OneDrive\Desktop\MvvmArchitectureGuide\.gradle\5.4.1\fileContent)" [_thread_blocked, id=45036, stack(0x000000003bd50000,0x000000003be50000)]
  0x000000001cc77800 JavaThread "Cache worker for Build Output Cleanup Cache (C:\Users\capar\OneDrive\Desktop\MvvmArchitectureGuide\.gradle\buildOutputCleanup)" [_thread_blocked, id=49920, stack(0x000000003bc50000,0x000000003bd50000)]
  0x000000001cc75800 JavaThread "Build operations Thread 8" [_thread_blocked, id=32792, stack(0x000000003bb50000,0x000000003bc50000)]
  0x0000000029fee800 JavaThread "Build operations Thread 7" [_thread_blocked, id=43280, stack(0x000000003ba50000,0x000000003bb50000)]
  0x0000000029fee000 JavaThread "Build operations Thread 6" [_thread_blocked, id=576, stack(0x000000003b950000,0x000000003ba50000)]
  0x0000000029ff0000 JavaThread "Build operations Thread 5" [_thread_blocked, id=38296, stack(0x000000003b850000,0x000000003b950000)]
  0x0000000029fed000 JavaThread "Build operations Thread 4" [_thread_blocked, id=21928, stack(0x000000003b750000,0x000000003b850000)]
  0x0000000029fec800 JavaThread "Build operations Thread 3" [_thread_blocked, id=51524, stack(0x000000003b650000,0x000000003b750000)]
  0x0000000029feb800 JavaThread "Build operations Thread 2" [_thread_blocked, id=51620, stack(0x000000003b550000,0x000000003b650000)]
  0x0000000029fef800 JavaThread "Build operations" [_thread_blocked, id=53272, stack(0x000000003b450000,0x000000003b550000)]
  0x0000000029fe4000 JavaThread "Cache worker for cache directory md-rule (C:\Users\capar\.gradle\caches\5.4.1\md-rule)" [_thread_blocked, id=52272, stack(0x000000003b350000,0x000000003b450000)]
  0x0000000029feb000 JavaThread "Cache worker for cache directory md-supplier (C:\Users\capar\.gradle\caches\5.4.1\md-supplier)" [_thread_blocked, id=19240, stack(0x000000003b250000,0x000000003b350000)]
  0x0000000029fe3800 JavaThread "Cache worker for file hash cache (C:\Users\capar\OneDrive\Desktop\MvvmArchitectureGuide\.gradle\5.4.1\fileHashes)" [_thread_blocked, id=22512, stack(0x000000003b150000,0x000000003b250000)]
  0x0000000029fea000 JavaThread "Thread-163" [_thread_blocked, id=8580, stack(0x000000003b050000,0x000000003b150000)]
  0x0000000029fe2800 JavaThread "Stdin handler" [_thread_blocked, id=26044, stack(0x000000003af50000,0x000000003b050000)]
  0x0000000029fe9800 JavaThread "Asynchronous log dispatcher for DefaultDaemonConnection: socket connection from /127.0.0.1:61238 to /127.0.0.1:61301" [_thread_blocked, id=32748, stack(0x000000003ae50000,0x000000003af50000)]
  0x0000000029fe8000 JavaThread "Daemon worker Thread 3" [_thread_in_Java, id=22324, stack(0x000000003ad50000,0x000000003ae50000)]
  0x0000000029fe7000 JavaThread "Cancel handler" [_thread_blocked, id=26744, stack(0x000000003ac50000,0x000000003ad50000)]
  0x0000000029fe5000 JavaThread "Handler for socket connection from /127.0.0.1:61238 to /127.0.0.1:61301" [_thread_in_native, id=49232, stack(0x000000003ab50000,0x000000003ac50000)]
  0x0000000029fe6800 JavaThread "Daemon Thread 3" [_thread_blocked, id=44372, stack(0x000000003aa50000,0x000000003ab50000)]
  0x00000000185dc000 JavaThread "Cache worker for Java compile cache (C:\Users\capar\.gradle\caches\5.4.1\javaCompile)" [_thread_blocked, id=48096, stack(0x00000000308d0000,0x00000000309d0000)]
  0x000000001caff800 JavaThread "RMI Reaper" [_thread_blocked, id=52564, stack(0x000000002a9d0000,0x000000002aad0000)]
  0x000000001cb01000 JavaThread "RMI TCP Accept-0" daemon [_thread_in_native, id=13336, stack(0x000000002a8d0000,0x000000002a9d0000)]
  0x0000000022e8b800 JavaThread "GC Daemon" daemon [_thread_blocked, id=52216, stack(0x000000002a7d0000,0x000000002a8d0000)]
  0x0000000022e89800 JavaThread "RMI Scheduler(0)" daemon [_thread_blocked, id=49776, stack(0x000000002a5d0000,0x000000002a6d0000)]
  0x0000000022e85800 JavaThread "Cache worker for file content cache (C:\Users\capar\.gradle\caches\5.4.1\fileContent)" [_thread_blocked, id=52584, stack(0x00000000282d0000,0x00000000283d0000)]
  0x0000000017d8e800 JavaThread "Memory manager" [_thread_blocked, id=26644, stack(0x0000000021d60000,0x0000000021e60000)]
  0x00000000185d9000 JavaThread "Cache worker for execution history cache (C:\Users\capar\.gradle\caches\5.4.1\executionHistory)" [_thread_in_native, id=45820, stack(0x0000000020050000,0x0000000020150000)]
  0x00000000186b0800 JavaThread "Cache worker for journal cache (C:\Users\capar\.gradle\caches\journal-1)" [_thread_in_native, id=51372, stack(0x000000001ac40000,0x000000001ad40000)]
  0x00000000186b6800 JavaThread "File lock request listener" [_thread_in_native, id=4656, stack(0x000000001ab40000,0x000000001ac40000)]
  0x00000000186b2800 JavaThread "Cache worker for file hash cache (C:\Users\capar\.gradle\caches\5.4.1\fileHashes)" [_thread_blocked, id=51168, stack(0x000000001aa40000,0x000000001ab40000)]
  0x00000000182c1000 JavaThread "Daemon periodic checks" [_thread_blocked, id=6520, stack(0x0000000018f70000,0x0000000019070000)]
  0x00000000182bf000 JavaThread "Incoming local TCP Connector on port 61238" [_thread_in_native, id=47984, stack(0x0000000018d30000,0x0000000018e30000)]
  0x0000000017c07800 JavaThread "Daemon health stats" [_thread_blocked, id=43752, stack(0x00000000186f0000,0x00000000187f0000)]
  0x00000000160be000 JavaThread "Service Thread" daemon [_thread_blocked, id=53172, stack(0x0000000016d20000,0x0000000016e20000)]
  0x000000001605c800 JavaThread "C1 CompilerThread3" daemon [_thread_blocked, id=52964, stack(0x0000000016c20000,0x0000000016d20000)]
  0x0000000016058000 JavaThread "C2 CompilerThread2" daemon [_thread_in_native, id=38556, stack(0x0000000016b20000,0x0000000016c20000)]
  0x0000000016050000 JavaThread "C2 CompilerThread1" daemon [_thread_in_native, id=45316, stack(0x0000000016a20000,0x0000000016b20000)]
=>0x000000001604a000 JavaThread "C2 CompilerThread0" daemon [_thread_in_native, id=44108, stack(0x0000000016920000,0x0000000016a20000)]
  0x0000000016046000 JavaThread "Attach Listener" daemon [_thread_blocked, id=53640, stack(0x0000000016820000,0x0000000016920000)]
  0x0000000016045000 JavaThread "Signal Dispatcher" daemon [_thread_blocked, id=43788, stack(0x0000000016720000,0x0000000016820000)]
  0x00000000029d9800 JavaThread "Finalizer" daemon [_thread_blocked, id=54068, stack(0x0000000016520000,0x0000000016620000)]
  0x00000000029d6000 JavaThread "Reference Handler" daemon [_thread_blocked, id=16832, stack(0x0000000016420000,0x0000000016520000)]
  0x000000000272e000 JavaThread "main" [_thread_blocked, id=16708, stack(0x00000000027e0000,0x00000000028e0000)]

Other Threads:
  0x0000000014248800 VMThread [stack: 0x0000000015f20000,0x0000000016020000] [id=51948]
  0x00000000160be800 WatcherThread [stack: 0x0000000016e20000,0x0000000016f20000] [id=38720]

VM state:not at safepoint (normal execution)

VM Mutex/Monitor currently owned by a thread: None

heap address: 0x00000000e0000000, size: 512 MB, Compressed Oops mode: 32-bit
Narrow klass base: 0x0000000000000000, Narrow klass shift: 3
Compressed class space size: 1073741824 Address: 0x0000000100000000

Heap:
 PSYoungGen      total 136704K, used 90269K [0x00000000f5580000, 0x00000000fff00000, 0x0000000100000000)
  eden space 102400K, 84% used [0x00000000f5580000,0x00000000faa47280,0x00000000fb980000)
  from space 34304K, 10% used [0x00000000fb980000,0x00000000fbce0208,0x00000000fdb00000)
  to   space 33280K, 0% used [0x00000000fde80000,0x00000000fde80000,0x00000000fff00000)
 ParOldGen       total 349696K, used 109526K [0x00000000e0000000, 0x00000000f5580000, 0x00000000f5580000)
  object space 349696K, 31% used [0x00000000e0000000,0x00000000e6af5bd0,0x00000000f5580000)
 Metaspace       used 108723K, capacity 114026K, committed 114816K, reserved 1148928K
  class space    used 13861K, capacity 14918K, committed 15232K, reserved 1048576K

Card table byte_map: [0x0000000011da0000,0x0000000011eb0000] byte_map_base: 0x00000000116a0000

Marking Bits: (ParMarkBitMap*) 0x00000000523f9f30
 Begin Bits: [0x0000000012760000, 0x0000000012f60000)
 End Bits:   [0x0000000012f60000, 0x0000000013760000)

Polling page: 0x0000000000e50000

CodeCache: size=245760Kb used=75072Kb max_used=75138Kb free=170687Kb
 bounds [0x00000000029e0000, 0x00000000073c0000, 0x00000000119e0000]
 total_blobs=22528 nmethods=21612 adapters=825
 compilation: enabled

Compilation events (10 events):
Event: 326.396 Thread 0x000000001605c800 28145       1       org.gradle.api.internal.artifacts.transform.DefaultTransformer$IsolatedParameters::getIsolatedParameterObject (5 bytes)
Event: 326.396 Thread 0x000000001605c800 nmethod 28145 0x0000000005ee5c90 code [0x0000000005ee5de0, 0x0000000005ee5ef0]
Event: 326.396 Thread 0x000000001605c800 28146       2       com.android.builder.dexing.r8.ClassFileProviderFactory::<init> (87 bytes)
Event: 326.397 Thread 0x000000001605c800 nmethod 28146 0x0000000003d08250 code [0x0000000003d08440, 0x0000000003d08a08]
Event: 326.403 Thread 0x000000001605c800 28148       2       org.gradle.api.file.RelativePath::parse (7 bytes)
Event: 326.403 Thread 0x000000001605c800 nmethod 28148 0x0000000002b0fc10 code [0x0000000002b0fd80, 0x0000000002b0ff98]
Event: 326.410 Thread 0x0000000016058000 nmethod 28063 0x0000000005ba2f50 code [0x0000000005ba31a0, 0x0000000005ba3d40]
Event: 326.410 Thread 0x0000000016058000 28127 %     4       com.android.tools.r8.n.a.a.a.g.G0::g @ 5 (27 bytes)
Event: 326.412 Thread 0x000000001605c800 28149       2       com.android.tools.r8.ir.code.Z::<init> (10 bytes)
Event: 326.412 Thread 0x0000000016058000 nmethod 28127% 0x0000000005ba2ad0 code [0x0000000005ba2c20, 0x0000000005ba2db8]

GC Heap History (10 events):
Event: 325.780 GC heap before
{Heap before GC invocations=146 (full 7):
 PSYoungGen      total 134144K, used 97773K [0x00000000f5580000, 0x00000000fff00000, 0x0000000100000000)
  eden space 95744K, 99% used [0x00000000f5580000,0x00000000fb2ff630,0x00000000fb300000)
  from space 38400K, 5% used [0x00000000fd980000,0x00000000fdb7c010,0x00000000fff00000)
  to   space 38912K, 0% used [0x00000000fb300000,0x00000000fb300000,0x00000000fd900000)
 ParOldGen       total 349696K, used 104242K [0x00000000e0000000, 0x00000000f5580000, 0x00000000f5580000)
  object space 349696K, 29% used [0x00000000e0000000,0x00000000e65cca18,0x00000000f5580000)
 Metaspace       used 108683K, capacity 114020K, committed 114816K, reserved 1148928K
  class space    used 13860K, capacity 14917K, committed 15232K, reserved 1048576K
Event: 325.786 GC heap after
Heap after GC invocations=146 (full 7):
 PSYoungGen      total 134656K, used 3669K [0x00000000f5580000, 0x00000000fff80000, 0x0000000100000000)
  eden space 95744K, 0% used [0x00000000f5580000,0x00000000f5580000,0x00000000fb300000)
  from space 38912K, 9% used [0x00000000fb300000,0x00000000fb695740,0x00000000fd900000)
  to   space 38400K, 0% used [0x00000000fda00000,0x00000000fda00000,0x00000000fff80000)
 ParOldGen       total 349696K, used 104242K [0x00000000e0000000, 0x00000000f5580000, 0x00000000f5580000)
  object space 349696K, 29% used [0x00000000e0000000,0x00000000e65cca18,0x00000000f5580000)
 Metaspace       used 108683K, capacity 114020K, committed 114816K, reserved 1148928K
  class space    used 13860K, capacity 14917K, committed 15232K, reserved 1048576K
}
Event: 325.955 GC heap before
{Heap before GC invocations=147 (full 7):
 PSYoungGen      total 134656K, used 99413K [0x00000000f5580000, 0x00000000fff80000, 0x0000000100000000)
  eden space 95744K, 100% used [0x00000000f5580000,0x00000000fb300000,0x00000000fb300000)
  from space 38912K, 9% used [0x00000000fb300000,0x00000000fb695740,0x00000000fd900000)
  to   space 38400K, 0% used [0x00000000fda00000,0x00000000fda00000,0x00000000fff80000)
 ParOldGen       total 349696K, used 104242K [0x00000000e0000000, 0x00000000f5580000, 0x00000000f5580000)
  object space 349696K, 29% used [0x00000000e0000000,0x00000000e65cca18,0x00000000f5580000)
 Metaspace       used 108690K, capacity 114020K, committed 114816K, reserved 1148928K
  class space    used 13860K, capacity 14917K, committed 15232K, reserved 1048576K
Event: 325.962 GC heap after
Heap after GC invocations=147 (full 7):
 PSYoungGen      total 132608K, used 9124K [0x00000000f5580000, 0x00000000ffc80000, 0x0000000100000000)
  eden space 97280K, 0% used [0x00000000f5580000,0x00000000f5580000,0x00000000fb480000)
  from space 35328K, 25% used [0x00000000fda00000,0x00000000fe2e9030,0x00000000ffc80000)
  to   space 36864K, 0% used [0x00000000fb480000,0x00000000fb480000,0x00000000fd880000)
 ParOldGen       total 349696K, used 104242K [0x00000000e0000000, 0x00000000f5580000, 0x00000000f5580000)
  object space 349696K, 29% used [0x00000000e0000000,0x00000000e65cca18,0x00000000f5580000)
 Metaspace       used 108690K, capacity 114020K, committed 114816K, reserved 1148928K
  class space    used 13860K, capacity 14917K, committed 15232K, reserved 1048576K
}
Event: 326.075 GC heap before
{Heap before GC invocations=148 (full 7):
 PSYoungGen      total 132608K, used 106404K [0x00000000f5580000, 0x00000000ffc80000, 0x0000000100000000)
  eden space 97280K, 100% used [0x00000000f5580000,0x00000000fb480000,0x00000000fb480000)
  from space 35328K, 25% used [0x00000000fda00000,0x00000000fe2e9030,0x00000000ffc80000)
  to   space 36864K, 0% used [0x00000000fb480000,0x00000000fb480000,0x00000000fd880000)
 ParOldGen       total 349696K, used 104242K [0x00000000e0000000, 0x00000000f5580000, 0x00000000f5580000)
  object space 349696K, 29% used [0x00000000e0000000,0x00000000e65cca18,0x00000000f5580000)
 Metaspace       used 108692K, capacity 114020K, committed 114816K, reserved 1148928K
  class space    used 13860K, capacity 14917K, committed 15232K, reserved 1048576K
Event: 326.082 GC heap after
Heap after GC invocations=148 (full 7):
 PSYoungGen      total 134144K, used 7885K [0x00000000f5580000, 0x00000000ffe80000, 0x0000000100000000)
  eden space 97280K, 0% used [0x00000000f5580000,0x00000000f5580000,0x00000000fb480000)
  from space 36864K, 21% used [0x00000000fb480000,0x00000000fbc337e0,0x00000000fd880000)
  to   space 35328K, 0% used [0x00000000fdc00000,0x00000000fdc00000,0x00000000ffe80000)
 ParOldGen       total 349696K, used 104242K [0x00000000e0000000, 0x00000000f5580000, 0x00000000f5580000)
  object space 349696K, 29% used [0x00000000e0000000,0x00000000e65cca18,0x00000000f5580000)
 Metaspace       used 108692K, capacity 114020K, committed 114816K, reserved 1148928K
  class space    used 13860K, capacity 14917K, committed 15232K, reserved 1048576K
}
Event: 326.173 GC heap before
{Heap before GC invocations=149 (full 7):
 PSYoungGen      total 134144K, used 105165K [0x00000000f5580000, 0x00000000ffe80000, 0x0000000100000000)
  eden space 97280K, 100% used [0x00000000f5580000,0x00000000fb480000,0x00000000fb480000)
  from space 36864K, 21% used [0x00000000fb480000,0x00000000fbc337e0,0x00000000fd880000)
  to   space 35328K, 0% used [0x00000000fdc00000,0x00000000fdc00000,0x00000000ffe80000)
 ParOldGen       total 349696K, used 104242K [0x00000000e0000000, 0x00000000f5580000, 0x00000000f5580000)
  object space 349696K, 29% used [0x00000000e0000000,0x00000000e65cca18,0x00000000f5580000)
 Metaspace       used 108701K, capacity 114026K, committed 114816K, reserved 1148928K
  class space    used 13861K, capacity 14918K, committed 15232K, reserved 1048576K
Event: 326.181 GC heap after
Heap after GC invocations=149 (full 7):
 PSYoungGen      total 135680K, used 6260K [0x00000000f5580000, 0x00000000ffc80000, 0x0000000100000000)
  eden space 102400K, 0% used [0x00000000f5580000,0x00000000f5580000,0x00000000fb980000)
  from space 33280K, 18% used [0x00000000fdc00000,0x00000000fe21d378,0x00000000ffc80000)
  to   space 34304K, 0% used [0x00000000fb980000,0x00000000fb980000,0x00000000fdb00000)
 ParOldGen       total 349696K, used 105957K [0x00000000e0000000, 0x00000000f5580000, 0x00000000f5580000)
  object space 349696K, 30% used [0x00000000e0000000,0x00000000e6779470,0x00000000f5580000)
 Metaspace       used 108701K, capacity 114026K, committed 114816K, reserved 1148928K
  class space    used 13861K, capacity 14918K, committed 15232K, reserved 1048576K
}
Event: 326.282 GC heap before
{Heap before GC invocations=150 (full 7):
 PSYoungGen      total 135680K, used 108660K [0x00000000f5580000, 0x00000000ffc80000, 0x0000000100000000)
  eden space 102400K, 100% used [0x00000000f5580000,0x00000000fb980000,0x00000000fb980000)
  from space 33280K, 18% used [0x00000000fdc00000,0x00000000fe21d378,0x00000000ffc80000)
  to   space 34304K, 0% used [0x00000000fb980000,0x00000000fb980000,0x00000000fdb00000)
 ParOldGen       total 349696K, used 105957K [0x00000000e0000000, 0x00000000f5580000, 0x00000000f5580000)
  object space 349696K, 30% used [0x00000000e0000000,0x00000000e6779470,0x00000000f5580000)
 Metaspace       used 108708K, capacity 114026K, committed 114816K, reserved 1148928K
  class space    used 13861K, capacity 14918K, committed 15232K, reserved 1048576K
Event: 326.289 GC heap after
Heap after GC invocations=150 (full 7):
 PSYoungGen      total 136704K, used 3456K [0x00000000f5580000, 0x00000000fff00000, 0x0000000100000000)
  eden space 102400K, 0% used [0x00000000f5580000,0x00000000f5580000,0x00000000fb980000)
  from space 34304K, 10% used [0x00000000fb980000,0x00000000fbce0208,0x00000000fdb00000)
  to   space 33280K, 0% used [0x00000000fde80000,0x00000000fde80000,0x00000000fff00000)
 ParOldGen       total 349696K, used 109526K [0x00000000e0000000, 0x00000000f5580000, 0x00000000f5580000)
  object space 349696K, 31% used [0x00000000e0000000,0x00000000e6af5bd0,0x00000000f5580000)
 Metaspace       used 108708K, capacity 114026K, committed 114816K, reserved 1148928K
  class space    used 13861K, capacity 14918K, committed 15232K, reserved 1048576K
}

Deoptimization events (10 events):
Event: 325.895 Thread 0x000000001cc80800 Uncommon trap: reason=unstable_if action=reinterpret pc=0x0000000006c50b3c method=com.android.tools.r8.ir.regalloc.LinearScanRegisterAllocator.a(Lcom/android/tools/r8/ir/regalloc/LinearScanRegisterAllocator$a;Z)Lcom/android/tools/r8/ir/regalloc/LinearScan
Event: 325.911 Thread 0x000000001cc80800 Uncommon trap: reason=unstable_if action=reinterpret pc=0x0000000006c41634 method=com.android.tools.r8.utils.InternalOptions.t()Z @ 17
Event: 325.932 Thread 0x000000001cc74000 Uncommon trap: reason=bimorphic action=maybe_recompile pc=0x0000000006e99814 method=com.android.tools.r8.ir.code.k0.a(Lcom/android/tools/r8/ir/analysis/type/TypeLatticeElement;)Lcom/android/tools/r8/ir/code/k0; @ 19
Event: 326.016 Thread 0x0000000029fe8000 Uncommon trap: reason=bimorphic action=maybe_recompile pc=0x0000000006e99814 method=com.android.tools.r8.ir.code.k0.a(Lcom/android/tools/r8/ir/analysis/type/TypeLatticeElement;)Lcom/android/tools/r8/ir/code/k0; @ 19
Event: 326.016 Thread 0x0000000029fe8000 Uncommon trap: reason=bimorphic action=maybe_recompile pc=0x0000000006e99814 method=com.android.tools.r8.ir.code.k0.a(Lcom/android/tools/r8/ir/analysis/type/TypeLatticeElement;)Lcom/android/tools/r8/ir/code/k0; @ 19
Event: 326.025 Thread 0x0000000029fe8000 Uncommon trap: reason=bimorphic action=maybe_recompile pc=0x0000000006e99814 method=com.android.tools.r8.ir.code.k0.a(Lcom/android/tools/r8/ir/analysis/type/TypeLatticeElement;)Lcom/android/tools/r8/ir/code/k0; @ 19
Event: 326.289 Thread 0x0000000029fe8000 Uncommon trap: reason=bimorphic action=maybe_recompile pc=0x000000000724a3b0 method=java.util.stream.MatchOps$1MatchSink.accept(Ljava/lang/Object;)V @ 12
Event: 326.289 Thread 0x0000000029fe8000 Uncommon trap: reason=bimorphic action=maybe_recompile pc=0x000000000724a3b0 method=java.util.stream.MatchOps$1MatchSink.accept(Ljava/lang/Object;)V @ 12
Event: 326.403 Thread 0x0000000029fe8000 Uncommon trap: reason=bimorphic action=maybe_recompile pc=0x000000000724a3b0 method=java.util.stream.MatchOps$1MatchSink.accept(Ljava/lang/Object;)V @ 12
Event: 326.405 Thread 0x0000000029fe8000 Uncommon trap: reason=bimorphic action=maybe_recompile pc=0x000000000724a3b0 method=java.util.stream.MatchOps$1MatchSink.accept(Ljava/lang/Object;)V @ 12

Classes redefined (0 events):
No events

Internal exceptions (10 events):
Event: 326.270 Thread 0x000000001cc73000 Exception <a 'sun/nio/fs/WindowsException'> (0x00000000faab7798) thrown at [D:\src\AOSP-openjdk-cygwin\jdk8u\hotspot\src\share\vm\prims\jni.cpp, line 710]
Event: 326.274 Thread 0x000000001cc74800 Exception <a 'sun/nio/fs/WindowsException'> (0x00000000fae35270) thrown at [D:\src\AOSP-openjdk-cygwin\jdk8u\hotspot\src\share\vm\prims\jni.cpp, line 710]
Event: 326.275 Thread 0x000000001cc80800 Exception <a 'sun/nio/fs/WindowsException'> (0x00000000faeae190) thrown at [D:\src\AOSP-openjdk-cygwin\jdk8u\hotspot\src\share\vm\prims\jni.cpp, line 710]
Event: 326.321 Thread 0x000000001cc74800 Exception <a 'sun/nio/fs/WindowsException'> (0x00000000f783c018) thrown at [D:\src\AOSP-openjdk-cygwin\jdk8u\hotspot\src\share\vm\prims\jni.cpp, line 710]
Event: 326.341 Thread 0x000000001cc73000 Exception <a 'sun/nio/fs/WindowsException'> (0x00000000f7eaf6a0) thrown at [D:\src\AOSP-openjdk-cygwin\jdk8u\hotspot\src\share\vm\prims\jni.cpp, line 710]
Event: 326.360 Thread 0x000000001cc74000 Exception <a 'sun/nio/fs/WindowsException'> (0x00000000f7cbc9b0) thrown at [D:\src\AOSP-openjdk-cygwin\jdk8u\hotspot\src\share\vm\prims\jni.cpp, line 710]
Event: 326.366 Thread 0x000000001cc74000 Exception <a 'sun/nio/fs/WindowsException'> (0x00000000f81dcfd0) thrown at [D:\src\AOSP-openjdk-cygwin\jdk8u\hotspot\src\share\vm\prims\jni.cpp, line 710]
Event: 326.374 Thread 0x000000001cc80800 Exception <a 'sun/nio/fs/WindowsException'> (0x00000000f8437878) thrown at [D:\src\AOSP-openjdk-cygwin\jdk8u\hotspot\src\share\vm\prims\jni.cpp, line 710]
Event: 326.397 Thread 0x000000001cc80800 Exception <a 'sun/nio/fs/WindowsException'> (0x00000000f875e008) thrown at [D:\src\AOSP-openjdk-cygwin\jdk8u\hotspot\src\share\vm\prims\jni.cpp, line 710]
Event: 326.401 Thread 0x000000001cc80800 Exception <a 'sun/nio/fs/WindowsException'> (0x00000000f98ad4d0) thrown at [D:\src\AOSP-openjdk-cygwin\jdk8u\hotspot\src\share\vm\prims\jni.cpp, line 710]

Events (10 events):
Event: 326.405 Thread 0x0000000029fe8000 DEOPT PACKING pc=0x000000000724a3b0 sp=0x000000003ae487c0
Event: 326.405 Thread 0x0000000029fe8000 DEOPT UNPACKING pc=0x0000000002a2557b sp=0x000000003ae486e8 mode 2
Event: 326.406 Thread 0x000000001cc79000 DEOPT PACKING pc=0x000000000623b561 sp=0x000000003c14a510
Event: 326.406 Thread 0x000000001cc79000 DEOPT UNPACKING pc=0x0000000002a275d0 sp=0x000000003c14a4f0 mode 0
Event: 326.408 Thread 0x000000001cc79000 DEOPT PACKING pc=0x0000000004811387 sp=0x000000003c14a8c0
Event: 326.408 Thread 0x000000001cc79000 DEOPT UNPACKING pc=0x0000000002a275d0 sp=0x000000003c14a6e8 mode 0
Event: 326.409 Thread 0x000000001cc7a000 DEOPT PACKING pc=0x0000000005a61f47 sp=0x000000003c24a750
Event: 326.409 Thread 0x000000001cc7a000 DEOPT UNPACKING pc=0x0000000002a275d0 sp=0x000000003c24a4b8 mode 0
Event: 326.410 Thread 0x000000001cc79000 DEOPT PACKING pc=0x0000000006324c17 sp=0x000000003c14a5b0
Event: 326.410 Thread 0x000000001cc79000 DEOPT UNPACKING pc=0x0000000002a275d0 sp=0x000000003c14a470 mode 0


Dynamic libraries:
0x00007ff6c7ec0000 - 0x00007ff6c7ef1000 	C:\Program Files\Android\Android Studio\jre\bin\java.exe
0x00007ffacaf30000 - 0x00007ffacb11d000 	C:\Windows\SYSTEM32\ntdll.dll
0x00007ffacae40000 - 0x00007ffacaef3000 	C:\Windows\System32\KERNEL32.DLL
0x00007ffac7eb0000 - 0x00007ffac8143000 	C:\Windows\System32\KERNELBASE.dll
0x00007ffac8b40000 - 0x00007ffac8be3000 	C:\Windows\System32\ADVAPI32.dll
0x00007ffac88c0000 - 0x00007ffac895e000 	C:\Windows\System32\msvcrt.dll
0x00007ffacab20000 - 0x00007ffacabbe000 	C:\Windows\System32\sechost.dll
0x00007ffaca5f0000 - 0x00007ffaca712000 	C:\Windows\System32\RPCRT4.dll
0x00007ffac8ce0000 - 0x00007ffac8e77000 	C:\Windows\System32\USER32.dll
0x00007ffac7c80000 - 0x00007ffac7ca0000 	C:\Windows\System32\win32u.dll
0x00007ffacae10000 - 0x00007ffacae39000 	C:\Windows\System32\GDI32.dll
0x00007ffac6ff0000 - 0x00007ffac7189000 	C:\Windows\System32\gdi32full.dll
0x00007ffac72b0000 - 0x00007ffac7350000 	C:\Windows\System32\msvcp_win.dll
0x00007ffac7b80000 - 0x00007ffac7c7a000 	C:\Windows\System32\ucrtbase.dll
0x00007ffaaeed0000 - 0x00007ffaaf149000 	C:\Windows\WinSxS\amd64_microsoft.windows.common-controls_6595b64144ccf1df_6.0.17763.802_none_05b1445c0722d2cc\COMCTL32.dll
0x00007ffaca7f0000 - 0x00007ffacab1c000 	C:\Windows\System32\combase.dll
0x00007ffac7b00000 - 0x00007ffac7b7e000 	C:\Windows\System32\bcryptPrimitives.dll
0x00007ffaca740000 - 0x00007ffaca76e000 	C:\Windows\System32\IMM32.DLL
0x0000000055da0000 - 0x0000000055e72000 	C:\Program Files\Android\Android Studio\jre\jre\bin\msvcr100.dll
0x0000000051c30000 - 0x0000000052476000 	C:\Program Files\Android\Android Studio\jre\jre\bin\server\jvm.dll
0x00007ffaca730000 - 0x00007ffaca738000 	C:\Windows\System32\PSAPI.DLL
0x00007ffaabf10000 - 0x00007ffaabf19000 	C:\Windows\SYSTEM32\WSOCK32.dll
0x00007ffac30d0000 - 0x00007ffac30f4000 	C:\Windows\SYSTEM32\WINMM.dll
0x00007ffab8d00000 - 0x00007ffab8d0a000 	C:\Windows\SYSTEM32\VERSION.dll
0x00007ffac8c70000 - 0x00007ffac8cdd000 	C:\Windows\System32\WS2_32.dll
0x00007ffac30a0000 - 0x00007ffac30cd000 	C:\Windows\SYSTEM32\WINMMBASE.dll
0x00007ffac7240000 - 0x00007ffac728a000 	C:\Windows\System32\cfgmgr32.dll
0x00007ffac3190000 - 0x00007ffac319f000 	C:\Program Files\Android\Android Studio\jre\jre\bin\verify.dll
0x00007ffac2c40000 - 0x00007ffac2c69000 	C:\Program Files\Android\Android Studio\jre\jre\bin\java.dll
0x00007ffac2cd0000 - 0x00007ffac2ce6000 	C:\Program Files\Android\Android Studio\jre\jre\bin\zip.dll
0x00007ffac8e80000 - 0x00007ffaca374000 	C:\Windows\System32\SHELL32.dll
0x00007ffaca380000 - 0x00007ffaca428000 	C:\Windows\System32\shcore.dll
0x00007ffac73b0000 - 0x00007ffac7afd000 	C:\Windows\System32\windows.storage.dll
0x00007ffac6f80000 - 0x00007ffac6fa4000 	C:\Windows\System32\profapi.dll
0x00007ffac6f20000 - 0x00007ffac6f7d000 	C:\Windows\System32\powrprof.dll
0x00007ffacac20000 - 0x00007ffacac72000 	C:\Windows\System32\shlwapi.dll
0x00007ffac6fd0000 - 0x00007ffac6fe1000 	C:\Windows\System32\kernel.appcore.dll
0x00007ffac7290000 - 0x00007ffac72a7000 	C:\Windows\System32\cryptsp.dll
0x00007ffac0ce0000 - 0x00007ffac0cfa000 	C:\Program Files\Android\Android Studio\jre\jre\bin\net.dll
0x00007ffac6790000 - 0x00007ffac67f7000 	C:\Windows\system32\mswsock.dll
0x00007ffac0c60000 - 0x00007ffac0c71000 	C:\Program Files\Android\Android Studio\jre\jre\bin\nio.dll
0x00007ffabf710000 - 0x00007ffabf736000 	C:\Users\capar\.gradle\native\29\windows-amd64\native-platform.dll
0x00007ffac2fd0000 - 0x00007ffac2fdd000 	C:\Program Files\Android\Android Studio\jre\jre\bin\management.dll
0x00007ffac6310000 - 0x00007ffac6343000 	C:\Windows\system32\rsaenh.dll
0x00007ffac7e80000 - 0x00007ffac7ea6000 	C:\Windows\System32\bcrypt.dll
0x00007ffac6e50000 - 0x00007ffac6e78000 	C:\Windows\SYSTEM32\USERENV.dll
0x00007ffac6960000 - 0x00007ffac696c000 	C:\Windows\SYSTEM32\CRYPTBASE.dll
0x00007ffac64b0000 - 0x00007ffac64ed000 	C:\Windows\SYSTEM32\IPHLPAPI.DLL
0x00007ffaca430000 - 0x00007ffaca438000 	C:\Windows\System32\NSI.dll
0x00007ffabda40000 - 0x00007ffabda56000 	C:\Windows\SYSTEM32\dhcpcsvc6.DLL
0x00007ffabe6f0000 - 0x00007ffabe70c000 	C:\Windows\SYSTEM32\dhcpcsvc.DLL
0x00007ffac64f0000 - 0x00007ffac65b6000 	C:\Windows\SYSTEM32\DNSAPI.dll
0x00007ffac60a0000 - 0x00007ffac60d1000 	C:\Windows\SYSTEM32\ntmarta.dll

VM Arguments:
jvm_args: -XX:MaxMetaspaceSize=256m -XX:+HeapDumpOnOutOfMemoryError -Xms256m -Xmx512m -Dfile.encoding=windows-1252 -Duser.country=US -Duser.language=en -Duser.variant 
java_command: org.gradle.launcher.daemon.bootstrap.GradleDaemon 5.4.1
java_class_path (initial): C:\Users\capar\.gradle\wrapper\dists\gradle-5.4.1-all\3221gyojl5jsh0helicew7rwx\gradle-5.4.1\lib\gradle-launcher-5.4.1.jar
Launcher Type: SUN_STANDARD

Environment Variables:
PATH=C:\Program Files (x86)\NVIDIA Corporation\PhysX\Common;C:\Program Files (x86)\Common Files\Oracle\Java\javapath;C:\Program Files (x86)\Intel\Intel(R) Management Engine Components\iCLS\;C:\Program Files\Intel\Intel(R) Management Engine Components\iCLS\;C:\Windows\system32;C:\Windows;C:\Windows\System32\Wbem;C:\Windows\System32\WindowsPowerShell\v1.0\;C:\Windows\System32\OpenSSH\;C:\Program Files (x86)\Intel\Intel(R) Management Engine Components\DAL;C:\Program Files\Intel\Intel(R) Management Engine Components\DAL;C:\Program Files\TortoiseSVN\bin;C:\Program Files\Git\cmd;C:\Program Files\nodejs\;C:\Program Files\dotnet\;C:\Program Files\Microsoft SQL Server\130\Tools\Binn\;C:\Program Files\Microsoft SQL Server\Client SDK\ODBC\170\Tools\Binn\;C:\Program Files (x86)\Microsoft SQL Server\150\Tools\Binn\;C:\Program Files\Microsoft SQL Server\150\Tools\Binn\;C:\Program Files\Microsoft SQL Server\150\DTS\Binn\;C:\Program Files\PuTTY\;C:\Users\capar\AppData\Local\Microsoft\WindowsApps;C:\Users\capar\AppData\Local\Programs\Microsoft VS Code\bin;C:\Program Files\Java\jdk-12\bin;C:\Users\capar\AppData\Roaming\npm;C:\Users\capar\.dotnet\tools;C:\Users\capar\AppData\Local\Google\Cloud SDK\google-cloud-sdk\bin
USERNAME=capar
OS=Windows_NT
PROCESSOR_IDENTIFIER=Intel64 Family 6 Model 158 Stepping 9, GenuineIntel



---------------  S Y S T E M  ---------------

OS: Windows 10.0 , 64 bit Build 17763 (10.0.17763.475)

CPU:total 8 (initial active 8) (4 cores per cpu, 2 threads per core) family 6 model 158 stepping 9, cmov, cx8, fxsr, mmx, sse, sse2, sse3, ssse3, sse4.1, sse4.2, popcnt, avx, avx2, aes, clmul, erms, 3dnowpref, lzcnt, ht, tsc, tscinvbit, bmi1, bmi2, adx

Memory: 4k page, physical 16584044k(2352004k free), swap 45893736k(5576k free)

vm_info: OpenJDK 64-Bit Server VM (25.202-b03) for windows-amd64 JRE (1.8.0_202-release-1483-b03), built by "builder" with MS VC++ 10.0 (VS2010)

time: Sun Dec 01 10:36:50 2019
timezone: Pacific Standard Time
elapsed time: 326 seconds (0d 0h 5m 26s)

